# JRE version: Java(TM) SE Runtime Environment (8.0_202-b08) (build 1.8.0_202-b08)
# Java VM: Java HotSpot(TM) 64-Bit Server VM (25.202-b08 mixed mode windows-amd64 compressed oops)
Heap:
 PSYoungGen      total 132096K, used 28736K [0x00000000d8300000, 0x00000000e9100000, 0x0000000100000000)
  eden space 120320K, 14% used [0x00000000d8300000,0x00000000d9396d58,0x00000000df880000)
  from space 11776K, 99% used [0x00000000df880000,0x00000000e03f9338,0x00000000e0400000)
  to   space 17920K, 0% used [0x00000000e7f80000,0x00000000e7f80000,0x00000000e9100000)
 ParOldGen       total 81920K, used 13620K [0x0000000088800000, 0x000000008d800000, 0x00000000d8300000)
  object space 81920K, 16% used [0x0000000088800000,0x000000008954d040,0x000000008d800000)
 Metaspace       used 14025K, capacity 14225K, committed 14464K, reserved 1062912K
  class space    used 1200K, capacity 1284K, committed 1408K, reserved 1048576K
GC Heap History (10 events):
Event: 8.535 GC heap before
{Heap before GC invocations=3 (full 0):
 PSYoungGen      total 35840K, used 33456K [0x00000000d8300000, 0x00000000dc900000, 0x0000000100000000)
  eden space 30720K, 100% used [0x00000000d8300000,0x00000000da100000,0x00000000da100000)
  from space 5120K, 53% used [0x00000000da600000,0x00000000da8ac010,0x00000000dab00000)
  to   space 5120K, 0% used [0x00000000da100000,0x00000000da100000,0x00000000da600000)
 ParOldGen       total 81920K, used 16K [0x0000000088800000, 0x000000008d800000, 0x00000000d8300000)
  object space 81920K, 0% used [0x0000000088800000,0x0000000088804000,0x000000008d800000)
 Metaspace       used 13771K, capacity 13969K, committed 14208K, reserved 1062912K
  class space    used 1192K, capacity 1284K, committed 1408K, reserved 1048576K
Event: 8.541 GC heap after
Heap after GC invocations=3 (full 0):
 PSYoungGen      total 35840K, used 3451K [0x00000000d8300000, 0x00000000dc900000, 0x0000000100000000)
  eden space 30720K, 0% used [0x00000000d8300000,0x00000000d8300000,0x00000000da100000)
  from space 5120K, 67% used [0x00000000da100000,0x00000000da45ee38,0x00000000da600000)
  to   space 5120K, 0% used [0x00000000dc400000,0x00000000dc400000,0x00000000dc900000)
 ParOldGen       total 81920K, used 24K [0x0000000088800000, 0x000000008d800000, 0x00000000d8300000)
  object space 81920K, 0% used [0x0000000088800000,0x0000000088806000,0x000000008d800000)
 Metaspace       used 13771K, capacity 13969K, committed 14208K, reserved 1062912K
  class space    used 1192K, capacity 1284K, committed 1408K, reserved 1048576K
}
Event: 8.682 GC heap before
{Heap before GC invocations=4 (full 0):
 PSYoungGen      total 35840K, used 34171K [0x00000000d8300000, 0x00000000dc900000, 0x0000000100000000)
  eden space 30720K, 100% used [0x00000000d8300000,0x00000000da100000,0x00000000da100000)
  from space 5120K, 67% used [0x00000000da100000,0x00000000da45ee38,0x00000000da600000)
  to   space 5120K, 0% used [0x00000000dc400000,0x00000000dc400000,0x00000000dc900000)
 ParOldGen       total 81920K, used 24K [0x0000000088800000, 0x000000008d800000, 0x00000000d8300000)
  object space 81920K, 0% used [0x0000000088800000,0x0000000088806000,0x000000008d800000)
 Metaspace       used 13836K, capacity 14033K, committed 14464K, reserved 1062912K
  class space    used 1192K, capacity 1284K, committed 1408K, reserved 1048576K
Event: 8.723 GC heap after
Heap after GC invocations=4 (full 0):
 PSYoungGen      total 66560K, used 4692K [0x00000000d8300000, 0x00000000dc900000, 0x0000000100000000)
  eden space 61440K, 0% used [0x00000000d8300000,0x00000000d8300000,0x00000000dbf00000)
  from space 5120K, 91% used [0x00000000dc400000,0x00000000dc8953b0,0x00000000dc900000)
  to   space 5120K, 0% used [0x00000000dbf00000,0x00000000dbf00000,0x00000000dc400000)
 ParOldGen       total 81920K, used 24K [0x0000000088800000, 0x000000008d800000, 0x00000000d8300000)
  object space 81920K, 0% used [0x0000000088800000,0x0000000088806000,0x000000008d800000)
 Metaspace       used 13836K, capacity 14033K, committed 14464K, reserved 1062912K
  class space    used 1192K, capacity 1284K, committed 1408K, reserved 1048576K
}
Event: 8.898 GC heap before
{Heap before GC invocations=5 (full 0):
 PSYoungGen      total 66560K, used 66132K [0x00000000d8300000, 0x00000000dc900000, 0x0000000100000000)
  eden space 61440K, 100% used [0x00000000d8300000,0x00000000dbf00000,0x00000000dbf00000)
  from space 5120K, 91% used [0x00000000dc400000,0x00000000dc8953b0,0x00000000dc900000)
  to   space 5120K, 0% used [0x00000000dbf00000,0x00000000dbf00000,0x00000000dc400000)
 ParOldGen       total 81920K, used 24K [0x0000000088800000, 0x000000008d800000, 0x00000000d8300000)
  object space 81920K, 0% used [0x0000000088800000,0x0000000088806000,0x000000008d800000)
 Metaspace       used 13844K, capacity 14033K, committed 14464K, reserved 1062912K
  class space    used 1192K, capacity 1284K, committed 1408K, reserved 1048576K
Event: 8.930 GC heap after
Heap after GC invocations=5 (full 0):
 PSYoungGen      total 66560K, used 5105K [0x00000000d8300000, 0x00000000e0d00000, 0x0000000100000000)
  eden space 61440K, 0% used [0x00000000d8300000,0x00000000d8300000,0x00000000dbf00000)
  from space 5120K, 99% used [0x00000000dbf00000,0x00000000dc3fc698,0x00000000dc400000)
  to   space 9216K, 0% used [0x00000000e0400000,0x00000000e0400000,0x00000000e0d00000)
 ParOldGen       total 81920K, used 4721K [0x0000000088800000, 0x000000008d800000, 0x00000000d8300000)
  object space 81920K, 5% used [0x0000000088800000,0x0000000088c9c518,0x000000008d800000)
 Metaspace       used 13844K, capacity 14033K, committed 14464K, reserved 1062912K
  class space    used 1192K, capacity 1284K, committed 1408K, reserved 1048576K
}
Event: 9.060 GC heap before
{Heap before GC invocations=6 (full 0):
 PSYoungGen      total 66560K, used 66545K [0x00000000d8300000, 0x00000000e0d00000, 0x0000000100000000)
  eden space 61440K, 100% used [0x00000000d8300000,0x00000000dbf00000,0x00000000dbf00000)
  from space 5120K, 99% used [0x00000000dbf00000,0x00000000dc3fc698,0x00000000dc400000)
  to   space 9216K, 0% used [0x00000000e0400000,0x00000000e0400000,0x00000000e0d00000)
 ParOldGen       total 81920K, used 4721K [0x0000000088800000, 0x000000008d800000, 0x00000000d8300000)
  object space 81920K, 5% used [0x0000000088800000,0x0000000088c9c518,0x000000008d800000)
 Metaspace       used 13844K, capacity 14033K, committed 14464K, reserved 1062912K
  class space    used 1192K, capacity 1284K, committed 1408K, reserved 1048576K
Event: 9.107 GC heap after
Heap after GC invocations=6 (full 0):
 PSYoungGen      total 129536K, used 9211K [0x00000000d8300000, 0x00000000e1200000, 0x0000000100000000)
  eden space 120320K, 0% used [0x00000000d8300000,0x00000000d8300000,0x00000000df880000)
  from space 9216K, 99% used [0x00000000e0400000,0x00000000e0cfeed8,0x00000000e0d00000)
  to   space 11776K, 0% used [0x00000000df880000,0x00000000df880000,0x00000000e0400000)
 ParOldGen       total 81920K, used 6009K [0x0000000088800000, 0x000000008d800000, 0x00000000d8300000)
  object space 81920K, 7% used [0x0000000088800000,0x0000000088dde480,0x000000008d800000)
 Metaspace       used 13844K, capacity 14033K, committed 14464K, reserved 1062912K
  class space    used 1192K, capacity 1284K, committed 1408K, reserved 1048576K
}
Event: 9.425 GC heap before
{Heap before GC invocations=7 (full 0):
 PSYoungGen      total 129536K, used 129531K [0x00000000d8300000, 0x00000000e1200000, 0x0000000100000000)
  eden space 120320K, 100% used [0x00000000d8300000,0x00000000df880000,0x00000000df880000)
  from space 9216K, 99% used [0x00000000e0400000,0x00000000e0cfeed8,0x00000000e0d00000)
  to   space 11776K, 0% used [0x00000000df880000,0x00000000df880000,0x00000000e0400000)
 ParOldGen       total 81920K, used 6009K [0x0000000088800000, 0x000000008d800000, 0x00000000d8300000)
  object space 81920K, 7% used [0x0000000088800000,0x0000000088dde480,0x000000008d800000)
 Metaspace       used 13845K, capacity 14033K, committed 14464K, reserved 1062912K
  class space    used 1192K, capacity 1284K, committed 1408K, reserved 1048576K
Event: 9.506 GC heap after
Heap after GC invocations=7 (full 0):
 PSYoungGen      total 132096K, used 11748K [0x00000000d8300000, 0x00000000e9100000, 0x0000000100000000)
  eden space 120320K, 0% used [0x00000000d8300000,0x00000000d8300000,0x00000000df880000)
  from space 11776K, 99% used [0x00000000df880000,0x00000000e03f9338,0x00000000e0400000)
  to   space 17920K, 0% used [0x00000000e7f80000,0x00000000e7f80000,0x00000000e9100000)
 ParOldGen       total 81920K, used 13620K [0x0000000088800000, 0x000000008d800000, 0x00000000d8300000)
  object space 81920K, 16% used [0x0000000088800000,0x000000008954d040,0x000000008d800000)
 Metaspace       used 13845K, capacity 14033K, committed 14464K, reserved 1062912K
  class space    used 1192K, capacity 1284K, committed 1408K, reserved 1048576K
}

