# JRE version: Java(TM) SE Runtime Environment (8.0_202-b08) (build 1.8.0_202-b08)
# Java VM: Java HotSpot(TM) 64-Bit Server VM (25.202-b08 mixed mode windows-amd64 compressed oops)
Heap:
 PSYoungGen      total 130048K, used 130027K [0x00000000d8300000, 0x00000000e1300000, 0x0000000100000000)
  eden space 120320K, 100% used [0x00000000d8300000,0x00000000df880000,0x00000000df880000)
  from space 9728K, 99% used [0x00000000e0480000,0x00000000e0dfaee8,0x00000000e0e00000)
  to   space 12288K, 0% used [0x00000000df880000,0x00000000df880000,0x00000000e0480000)
 ParOldGen       total 81920K, used 6301K [0x0000000088800000, 0x000000008d800000, 0x00000000d8300000)
  object space 81920K, 7% used [0x0000000088800000,0x0000000088e276b0,0x000000008d800000)
 Metaspace       used 14018K, capacity 14217K, committed 14464K, reserved 1062912K
  class space    used 1199K, capacity 1284K, committed 1408K, reserved 1048576K
GC Heap History (10 events):
Event: 6.192 GC heap before
{Heap before GC invocations=2 (full 0):
 PSYoungGen      total 35840K, used 33524K [0x00000000d8300000, 0x00000000dab00000, 0x0000000100000000)
  eden space 30720K, 93% used [0x00000000d8300000,0x00000000d9eec7a0,0x00000000da100000)
  from space 5120K, 96% used [0x00000000da100000,0x00000000da5d0bc8,0x00000000da600000)
  to   space 5120K, 0% used [0x00000000da600000,0x00000000da600000,0x00000000dab00000)
 ParOldGen       total 81920K, used 0K [0x0000000088800000, 0x000000008d800000, 0x00000000d8300000)
  object space 81920K, 0% used [0x0000000088800000,0x0000000088800000,0x000000008d800000)
 Metaspace       used 13632K, capacity 13893K, committed 14208K, reserved 1062912K
  class space    used 1181K, capacity 1282K, committed 1408K, reserved 1048576K
Event: 6.203 GC heap after
Heap after GC invocations=2 (full 0):
 PSYoungGen      total 35840K, used 2705K [0x00000000d8300000, 0x00000000dc900000, 0x0000000100000000)
  eden space 30720K, 0% used [0x00000000d8300000,0x00000000d8300000,0x00000000da100000)
  from space 5120K, 52% used [0x00000000da600000,0x00000000da8a4698,0x00000000dab00000)
  to   space 5120K, 0% used [0x00000000da100000,0x00000000da100000,0x00000000da600000)
 ParOldGen       total 81920K, used 0K [0x0000000088800000, 0x000000008d800000, 0x00000000d8300000)
  object space 81920K, 0% used [0x0000000088800000,0x0000000088800000,0x000000008d800000)
 Metaspace       used 13632K, capacity 13893K, committed 14208K, reserved 1062912K
  class space    used 1181K, capacity 1282K, committed 1408K, reserved 1048576K
}
Event: 6.859 GC heap before
{Heap before GC invocations=3 (full 0):
 PSYoungGen      total 35840K, used 33425K [0x00000000d8300000, 0x00000000dc900000, 0x0000000100000000)
  eden space 30720K, 100% used [0x00000000d8300000,0x00000000da100000,0x00000000da100000)
  from space 5120K, 52% used [0x00000000da600000,0x00000000da8a4698,0x00000000dab00000)
  to   space 5120K, 0% used [0x00000000da100000,0x00000000da100000,0x00000000da600000)
 ParOldGen       total 81920K, used 0K [0x0000000088800000, 0x000000008d800000, 0x00000000d8300000)
  object space 81920K, 0% used [0x0000000088800000,0x0000000088800000,0x000000008d800000)
 Metaspace       used 13763K, capacity 13961K, committed 14208K, reserved 1062912K
  class space    used 1190K, capacity 1284K, committed 1408K, reserved 1048576K
Event: 6.882 GC heap after
Heap after GC invocations=3 (full 0):
 PSYoungGen      total 35840K, used 3501K [0x00000000d8300000, 0x00000000dc900000, 0x0000000100000000)
  eden space 30720K, 0% used [0x00000000d8300000,0x00000000d8300000,0x00000000da100000)
  from space 5120K, 68% used [0x00000000da100000,0x00000000da46b4b0,0x00000000da600000)
  to   space 5120K, 0% used [0x00000000dc400000,0x00000000dc400000,0x00000000dc900000)
 ParOldGen       total 81920K, used 0K [0x0000000088800000, 0x000000008d800000, 0x00000000d8300000)
  object space 81920K, 0% used [0x0000000088800000,0x0000000088800000,0x000000008d800000)
 Metaspace       used 13763K, capacity 13961K, committed 14208K, reserved 1062912K
  class space    used 1190K, capacity 1284K, committed 1408K, reserved 1048576K
}
Event: 7.147 GC heap before
{Heap before GC invocations=4 (full 0):
 PSYoungGen      total 35840K, used 34221K [0x00000000d8300000, 0x00000000dc900000, 0x0000000100000000)
  eden space 30720K, 100% used [0x00000000d8300000,0x00000000da100000,0x00000000da100000)
  from space 5120K, 68% used [0x00000000da100000,0x00000000da46b4b0,0x00000000da600000)
  to   space 5120K, 0% used [0x00000000dc400000,0x00000000dc400000,0x00000000dc900000)
 ParOldGen       total 81920K, used 0K [0x0000000088800000, 0x000000008d800000, 0x00000000d8300000)
  object space 81920K, 0% used [0x0000000088800000,0x0000000088800000,0x000000008d800000)
 Metaspace       used 13829K, capacity 14025K, committed 14208K, reserved 1062912K
  class space    used 1190K, capacity 1284K, committed 1408K, reserved 1048576K
Event: 7.174 GC heap after
Heap after GC invocations=4 (full 0):
 PSYoungGen      total 66560K, used 4733K [0x00000000d8300000, 0x00000000dc900000, 0x0000000100000000)
  eden space 61440K, 0% used [0x00000000d8300000,0x00000000d8300000,0x00000000dbf00000)
  from space 5120K, 92% used [0x00000000dc400000,0x00000000dc89f548,0x00000000dc900000)
  to   space 5120K, 0% used [0x00000000dbf00000,0x00000000dbf00000,0x00000000dc400000)
 ParOldGen       total 81920K, used 0K [0x0000000088800000, 0x000000008d800000, 0x00000000d8300000)
  object space 81920K, 0% used [0x0000000088800000,0x0000000088800000,0x000000008d800000)
 Metaspace       used 13829K, capacity 14025K, committed 14208K, reserved 1062912K
  class space    used 1190K, capacity 1284K, committed 1408K, reserved 1048576K
}
Event: 7.436 GC heap before
{Heap before GC invocations=5 (full 0):
 PSYoungGen      total 66560K, used 66173K [0x00000000d8300000, 0x00000000dc900000, 0x0000000100000000)
  eden space 61440K, 100% used [0x00000000d8300000,0x00000000dbf00000,0x00000000dbf00000)
  from space 5120K, 92% used [0x00000000dc400000,0x00000000dc89f548,0x00000000dc900000)
  to   space 5120K, 0% used [0x00000000dbf00000,0x00000000dbf00000,0x00000000dc400000)
 ParOldGen       total 81920K, used 0K [0x0000000088800000, 0x000000008d800000, 0x00000000d8300000)
  object space 81920K, 0% used [0x0000000088800000,0x0000000088800000,0x000000008d800000)
 Metaspace       used 13837K, capacity 14025K, committed 14208K, reserved 1062912K
  class space    used 1190K, capacity 1284K, committed 1408K, reserved 1048576K
Event: 7.876 GC heap after
Heap after GC invocations=5 (full 0):
 PSYoungGen      total 66560K, used 5096K [0x00000000d8300000, 0x00000000e0e00000, 0x0000000100000000)
  eden space 61440K, 0% used [0x00000000d8300000,0x00000000d8300000,0x00000000dbf00000)
  from space 5120K, 99% used [0x00000000dbf00000,0x00000000dc3fa168,0x00000000dc400000)
  to   space 9728K, 0% used [0x00000000e0480000,0x00000000e0480000,0x00000000e0e00000)
 ParOldGen       total 81920K, used 5029K [0x0000000088800000, 0x000000008d800000, 0x00000000d8300000)
  object space 81920K, 6% used [0x0000000088800000,0x0000000088ce96b0,0x000000008d800000)
 Metaspace       used 13837K, capacity 14025K, committed 14208K, reserved 1062912K
  class space    used 1190K, capacity 1284K, committed 1408K, reserved 1048576K
}
Event: 8.014 GC heap before
{Heap before GC invocations=6 (full 0):
 PSYoungGen      total 66560K, used 66531K [0x00000000d8300000, 0x00000000e0e00000, 0x0000000100000000)
  eden space 61440K, 99% used [0x00000000d8300000,0x00000000dbefec58,0x00000000dbf00000)
  from space 5120K, 99% used [0x00000000dbf00000,0x00000000dc3fa168,0x00000000dc400000)
  to   space 9728K, 0% used [0x00000000e0480000,0x00000000e0480000,0x00000000e0e00000)
 ParOldGen       total 81920K, used 5029K [0x0000000088800000, 0x000000008d800000, 0x00000000d8300000)
  object space 81920K, 6% used [0x0000000088800000,0x0000000088ce96b0,0x000000008d800000)
 Metaspace       used 13837K, capacity 14025K, committed 14208K, reserved 1062912K
  class space    used 1190K, capacity 1284K, committed 1408K, reserved 1048576K
Event: 8.103 GC heap after
Heap after GC invocations=6 (full 0):
 PSYoungGen      total 130048K, used 9707K [0x00000000d8300000, 0x00000000e1300000, 0x0000000100000000)
  eden space 120320K, 0% used [0x00000000d8300000,0x00000000d8300000,0x00000000df880000)
  from space 9728K, 99% used [0x00000000e0480000,0x00000000e0dfaee8,0x00000000e0e00000)
  to   space 12288K, 0% used [0x00000000df880000,0x00000000df880000,0x00000000e0480000)
 ParOldGen       total 81920K, used 6301K [0x0000000088800000, 0x000000008d800000, 0x00000000d8300000)
  object space 81920K, 7% used [0x0000000088800000,0x0000000088e276b0,0x000000008d800000)
 Metaspace       used 13837K, capacity 14025K, committed 14208K, reserved 1062912K
  class space    used 1190K, capacity 1284K, committed 1408K, reserved 1048576K
}

